>> Writing PID to tmp/pids/thin.pid
>> Using rack adapter
>> Thin web server (v1.2.7 codename No Hup)
>> Maximum connections set to 1024
>> Listening on 0.0.0.0:3000, CTRL+C to stop
>> Writing PID to tmp/pids/thin.pid
>> Using rack adapter
>> Thin web server (v1.2.7 codename No Hup)
>> Maximum connections set to 1024
>> Listening on 0.0.0.0:5050, CTRL+C to stop
>> Stopping ...>> Stopping ...

>> Exiting!
>> Exiting!
>> Writing PID to tmp/pids/thin.pid
>> Using rack adapter
>> Thin web server (v1.2.7 codename No Hup)
>> Maximum connections set to 1024
>> Listening on 0.0.0.0:3000, CTRL+C to stop
>> Waiting for 2 connection(s) to finish, can take up to 30 sec, CTRL+C to stop now
>> Exiting!
